[debug] [2025-02-18T04:43:45.804Z] ----------------------------------------------------------------------
[debug] [2025-02-18T04:43:45.806Z] Command:       C:\Program Files\nodejs\node.exe C:\Users\Administrator\AppData\Roaming\npm\node_modules\firebase-tools\lib\bin\firebase.js init
[debug] [2025-02-18T04:43:45.806Z] CLI Version:   13.31.1
[debug] [2025-02-18T04:43:45.807Z] Platform:      win32
[debug] [2025-02-18T04:43:45.807Z] Node Version:  v22.14.0
[debug] [2025-02-18T04:43:45.807Z] Time:          Mon Feb 17 2025 23:43:45 GMT-0500 (Eastern Standard Time)
[debug] [2025-02-18T04:43:45.807Z] ----------------------------------------------------------------------
[debug] 
[debug] [2025-02-18T04:43:45.980Z] > command requires scopes: ["email","openid","https://www.googleapis.com/auth/cloudplatformprojects.readonly","https://www.googleapis.com/auth/firebase","https://www.googleapis.com/auth/cloud-platform"]
[debug] [2025-02-18T04:43:45.981Z] > authorizing via signed-in user (chenglai.taya@gmail.com)
[info] 
     ######## #### ########  ######## ########     ###     ######  ########
     ##        ##  ##     ## ##       ##     ##  ##   ##  ##       ##
     ######    ##  ########  ######   ########  #########  ######  ######
     ##        ##  ##    ##  ##       ##     ## ##     ##       ## ##
     ##       #### ##     ## ######## ########  ##     ##  ######  ########

You're about to initialize a Firebase project in this directory:

  E:\Olympus-portfolio-main

Before we get started, keep in mind:

  * You are initializing within an existing Firebase project directory

[info] 
=== Project Setup
[info] 
[info] First, let's associate this project directory with a Firebase project.
[info] You can create multiple project aliases by running firebase use --add, 
[info] but for now we'll just set up a default project.
[info] 
[debug] [2025-02-18T04:43:50.324Z] Using project from CLI flag: weed35937
[debug] [2025-02-18T04:43:50.324Z] Checked if tokens are valid: true, expires at: 1739856193026
[debug] [2025-02-18T04:43:50.324Z] Checked if tokens are valid: true, expires at: 1739856193026
[debug] [2025-02-18T04:43:50.325Z] >>> [apiv2][query] GET https://firebase.googleapis.com/v1beta1/projects/weed35937 [none]
[debug] [2025-02-18T04:43:51.900Z] <<< [apiv2][status] GET https://firebase.googleapis.com/v1beta1/projects/weed35937 200
[debug] [2025-02-18T04:43:51.900Z] <<< [apiv2][body] GET https://firebase.googleapis.com/v1beta1/projects/weed35937 {"projectId":"weed35937","projectNumber":"756697603789","displayName":"weed35937","name":"projects/weed35937","resources":{"hostingSite":"weed35937"},"state":"ACTIVE","etag":"1_903dc20f-b11d-4861-8090-f0ed365759e8"}
[info] i  Using project weed35937 (weed35937) 
[info] 
=== Hosting Setup
[debug] [2025-02-18T04:43:51.905Z] Checked if tokens are valid: true, expires at: 1739856193026
[debug] [2025-02-18T04:43:51.905Z] Checked if tokens are valid: true, expires at: 1739856193026
[debug] [2025-02-18T04:43:51.905Z] >>> [apiv2][query] GET https://firebase.googleapis.com/v1beta1/projects/weed35937 [none]
[debug] [2025-02-18T04:43:52.438Z] <<< [apiv2][status] GET https://firebase.googleapis.com/v1beta1/projects/weed35937 200
[debug] [2025-02-18T04:43:52.438Z] <<< [apiv2][body] GET https://firebase.googleapis.com/v1beta1/projects/weed35937 {"projectId":"weed35937","projectNumber":"756697603789","displayName":"weed35937","name":"projects/weed35937","resources":{"hostingSite":"weed35937"},"state":"ACTIVE","etag":"1_903dc20f-b11d-4861-8090-f0ed365759e8"}
[info] 
[info] Your public directory is the folder (relative to your project directory) that
[info] will contain Hosting assets to be uploaded with firebase deploy. If you
[info] have a build process for your assets, use your build's output directory.
[info] 
